/Library/Frameworks/Python.framework/Versions/3.8/lib/python3.8/site-packages/celery/platforms.py:800: RuntimeWarning: You're running the worker with superuser privileges: this is
absolutely not recommended!

Please specify a different user using the --uid option.

User information: uid=0 euid=0 gid=0 egid=0

  warnings.warn(RuntimeWarning(ROOT_DISCOURAGED.format(
[2021-01-16 10:45:03,693: INFO/MainProcess] Connected to redis://127.0.0.1:6379/5
[2021-01-16 10:45:03,714: INFO/MainProcess] mingle: searching for neighbors
[2021-01-16 10:45:04,751: INFO/MainProcess] mingle: all alone
[2021-01-16 10:45:04,785: INFO/MainProcess] celery@MacdeiMac.local ready.
[2021-01-16 10:45:04,813: INFO/MainProcess] Received task: periodtask.tasks.run_shell[6502205e-00c5-4e08-8fe9-c7d84d0eb009]  
/Library/Frameworks/Python.framework/Versions/3.8/lib/python3.8/site-packages/celery/platforms.py:800: RuntimeWarning: You're running the worker with superuser privileges: this is
absolutely not recommended!

Please specify a different user using the --uid option.

User information: uid=0 euid=0 gid=0 egid=0

  warnings.warn(RuntimeWarning(ROOT_DISCOURAGED.format(
[2021-01-16 10:45:04,838: WARNING/ForkPoolWorker-8] kwarge
[2021-01-16 10:45:04,838: WARNING/ForkPoolWorker-8] {'pyname': 'a', 'name': 'bbb'}
[2021-01-16 10:45:04,930: INFO/ForkPoolWorker-8] Task periodtask.tasks.run_shell[6502205e-00c5-4e08-8fe9-c7d84d0eb009] succeeded in 0.11557115699999976s: None
[2021-01-16 10:46:00,011: INFO/MainProcess] Received task: periodtask.tasks.run_shell[46c7b837-dae3-481e-99ff-db02c807f7b3]  
[2021-01-16 10:46:00,020: WARNING/ForkPoolWorker-8] kwarge
[2021-01-16 10:46:00,020: WARNING/ForkPoolWorker-8] {'pyname': 'a', 'name': 'bbb'}
[2021-01-16 10:46:00,066: INFO/ForkPoolWorker-8] Task periodtask.tasks.run_shell[46c7b837-dae3-481e-99ff-db02c807f7b3] succeeded in 0.053824080999994806s: None

worker: Hitting Ctrl+C again will terminate all running tasks!

worker: Warm shutdown (MainProcess)
 
 -------------- celery@MacdeiMac.local v4.4.6 (cliffs)
--- ***** ----- 
-- ******* ---- macOS-10.14.6-x86_64-i386-64bit 2021-01-16 10:45:02
- *** --- * --- 
- ** ---------- [config]
- ** ---------- .> app:         core:0x10910a280
- ** ---------- .> transport:   redis://127.0.0.1:6379/5
- ** ---------- .> results:     redis://127.0.0.1:6379/6
- *** --- * --- .> concurrency: 10 (prefork)
-- ******* ---- .> task events: OFF (enable -E to monitor tasks in this worker)
--- ***** ----- 
 -------------- [queues]
                .> celery           exchange=celery(direct) key=celery
                

[tasks]
  . core.celery.debug_task
  . orders.tasks.send_active_email
  . orders.tasks.sub
  . periodtask.tasks.run_shell

/Library/Frameworks/Python.framework/Versions/3.8/lib/python3.8/site-packages/celery/platforms.py:800: RuntimeWarning: You're running the worker with superuser privileges: this is
absolutely not recommended!

Please specify a different user using the --uid option.

User information: uid=0 euid=0 gid=0 egid=0

  warnings.warn(RuntimeWarning(ROOT_DISCOURAGED.format(
[2021-01-16 10:46:56,793: INFO/MainProcess] Connected to redis://127.0.0.1:6379/5
[2021-01-16 10:46:56,810: INFO/MainProcess] mingle: searching for neighbors
[2021-01-16 10:46:57,861: INFO/MainProcess] mingle: all alone
[2021-01-16 10:46:57,919: INFO/MainProcess] celery@MacdeiMac.local ready.
[2021-01-16 10:47:00,044: INFO/MainProcess] Received task: periodtask.tasks.run_shell[b0f30095-e6ac-402c-852d-278a955ebb29]  
/Library/Frameworks/Python.framework/Versions/3.8/lib/python3.8/site-packages/celery/platforms.py:800: RuntimeWarning: You're running the worker with superuser privileges: this is
absolutely not recommended!

Please specify a different user using the --uid option.

User information: uid=0 euid=0 gid=0 egid=0

  warnings.warn(RuntimeWarning(ROOT_DISCOURAGED.format(
[2021-01-16 10:47:00,067: WARNING/ForkPoolWorker-8] kwarge
[2021-01-16 10:47:00,068: WARNING/ForkPoolWorker-8] {'pyname': 'a', 'name': 'bbb'}
[2021-01-16 10:47:00,121: INFO/ForkPoolWorker-8] Task periodtask.tasks.run_shell[b0f30095-e6ac-402c-852d-278a955ebb29] succeeded in 0.07489050000000042s: None
[2021-01-16 10:48:00,008: INFO/MainProcess] Received task: periodtask.tasks.run_shell[6e33c596-4b93-44bc-8710-cb8d3476e621]  
[2021-01-16 10:48:00,020: WARNING/ForkPoolWorker-8] kwarge
[2021-01-16 10:48:00,020: WARNING/ForkPoolWorker-8] {'pyname': 'a', 'name': 'bbb'}
[2021-01-16 10:48:00,068: INFO/ForkPoolWorker-8] Task periodtask.tasks.run_shell[6e33c596-4b93-44bc-8710-cb8d3476e621] succeeded in 0.058287116999991895s: None
[2021-01-16 10:49:00,011: INFO/MainProcess] Received task: periodtask.tasks.run_shell[5b9d5766-e416-47ab-97be-012284d92006]  
[2021-01-16 10:49:00,021: WARNING/ForkPoolWorker-8] kwarge
[2021-01-16 10:49:00,021: WARNING/ForkPoolWorker-8] {'pyname': 'a', 'name': 'bbb'}
[2021-01-16 10:49:00,067: INFO/ForkPoolWorker-8] Task periodtask.tasks.run_shell[5b9d5766-e416-47ab-97be-012284d92006] succeeded in 0.054846147999995765s: None

worker: Hitting Ctrl+C again will terminate all running tasks!

worker: Warm shutdown (MainProcess)
 
 -------------- celery@MacdeiMac.local v4.4.6 (cliffs)
--- ***** ----- 
-- ******* ---- macOS-10.14.6-x86_64-i386-64bit 2021-01-16 10:46:55
- *** --- * --- 
- ** ---------- [config]
- ** ---------- .> app:         core:0x102aef280
- ** ---------- .> transport:   redis://127.0.0.1:6379/5
- ** ---------- .> results:     redis://127.0.0.1:6379/6
- *** --- * --- .> concurrency: 10 (prefork)
-- ******* ---- .> task events: OFF (enable -E to monitor tasks in this worker)
--- ***** ----- 
 -------------- [queues]
                .> celery           exchange=celery(direct) key=celery
                

[tasks]
  . core.celery.debug_task
  . orders.tasks.send_active_email
  . orders.tasks.sub
  . periodtask.tasks.run_shell

/Library/Frameworks/Python.framework/Versions/3.8/lib/python3.8/site-packages/celery/platforms.py:800: RuntimeWarning: You're running the worker with superuser privileges: this is
absolutely not recommended!

Please specify a different user using the --uid option.

User information: uid=0 euid=0 gid=0 egid=0

  warnings.warn(RuntimeWarning(ROOT_DISCOURAGED.format(
[2021-01-16 10:49:16,585: INFO/MainProcess] Connected to redis://127.0.0.1:6379/5
[2021-01-16 10:49:16,608: INFO/MainProcess] mingle: searching for neighbors
[2021-01-16 10:49:17,654: INFO/MainProcess] mingle: all alone
[2021-01-16 10:49:17,697: INFO/MainProcess] celery@MacdeiMac.local ready.
[2021-01-16 10:49:18,859: INFO/MainProcess] Events of group {task} enabled by remote.
[2021-01-16 10:50:00,134: INFO/MainProcess] Received task: periodtask.tasks.run_shell[dbcbbd2e-90ec-4a03-9b2d-ac883d9ec781]  
/Library/Frameworks/Python.framework/Versions/3.8/lib/python3.8/site-packages/celery/platforms.py:800: RuntimeWarning: You're running the worker with superuser privileges: this is
absolutely not recommended!

Please specify a different user using the --uid option.

User information: uid=0 euid=0 gid=0 egid=0

  warnings.warn(RuntimeWarning(ROOT_DISCOURAGED.format(
[2021-01-16 10:50:00,165: WARNING/ForkPoolWorker-8] kwarge
[2021-01-16 10:50:00,166: WARNING/ForkPoolWorker-8] {'pyname': 'a', 'name': 'bbb'}
[2021-01-16 10:50:00,244: INFO/ForkPoolWorker-8] Task periodtask.tasks.run_shell[dbcbbd2e-90ec-4a03-9b2d-ac883d9ec781] succeeded in 0.1035443669999978s: None
[2021-01-16 10:51:00,008: INFO/MainProcess] Received task: periodtask.tasks.run_shell[af5ecd1a-23a4-48ea-8513-63cd53257838]  
[2021-01-16 10:51:00,023: WARNING/ForkPoolWorker-8] kwarge
[2021-01-16 10:51:00,023: WARNING/ForkPoolWorker-8] {'pyname': 'a', 'name': 'bbb'}
[2021-01-16 10:51:00,081: INFO/ForkPoolWorker-8] Task periodtask.tasks.run_shell[af5ecd1a-23a4-48ea-8513-63cd53257838] succeeded in 0.06737927100000718s: None
[2021-01-16 10:52:00,008: INFO/MainProcess] Received task: periodtask.tasks.run_shell[e89d3527-851a-4d1f-9db0-a463dd50d046]  
[2021-01-16 10:52:00,019: WARNING/ForkPoolWorker-8] kwarge
[2021-01-16 10:52:00,020: WARNING/ForkPoolWorker-8] {'pyname': 'a', 'name': 'bbb'}
[2021-01-16 10:52:00,102: INFO/ForkPoolWorker-8] Task periodtask.tasks.run_shell[e89d3527-851a-4d1f-9db0-a463dd50d046] succeeded in 0.09169785999998226s: None
[2021-01-16 10:53:00,010: INFO/MainProcess] Received task: periodtask.tasks.run_shell[e6972469-a43e-4f4e-805b-db78f0bb623f]  
[2021-01-16 10:53:00,031: WARNING/ForkPoolWorker-8] kwarge
[2021-01-16 10:53:00,031: WARNING/ForkPoolWorker-8] {'pyname': 'a', 'name': 'bbb'}
[2021-01-16 10:53:00,107: INFO/ForkPoolWorker-8] Task periodtask.tasks.run_shell[e6972469-a43e-4f4e-805b-db78f0bb623f] succeeded in 0.0923632090000126s: None
[2021-01-16 10:54:00,007: INFO/MainProcess] Received task: periodtask.tasks.run_shell[fe5c258b-0cfc-4781-bc39-175827725b20]  
[2021-01-16 10:54:00,021: WARNING/ForkPoolWorker-8] kwarge
[2021-01-16 10:54:00,021: WARNING/ForkPoolWorker-8] {'pyname': 'a', 'name': 'bbb'}
[2021-01-16 10:54:00,059: INFO/ForkPoolWorker-8] Task periodtask.tasks.run_shell[fe5c258b-0cfc-4781-bc39-175827725b20] succeeded in 0.0495022439999957s: None

worker: Hitting Ctrl+C again will terminate all running tasks!

worker: Warm shutdown (MainProcess)
 
 -------------- celery@MacdeiMac.local v4.4.6 (cliffs)
--- ***** ----- 
-- ******* ---- macOS-10.14.6-x86_64-i386-64bit 2021-01-16 10:49:15
- *** --- * --- 
- ** ---------- [config]
- ** ---------- .> app:         core:0x10d788280
- ** ---------- .> transport:   redis://127.0.0.1:6379/5
- ** ---------- .> results:     redis://127.0.0.1:6379/6
- *** --- * --- .> concurrency: 10 (prefork)
-- ******* ---- .> task events: OFF (enable -E to monitor tasks in this worker)
--- ***** ----- 
 -------------- [queues]
                .> celery           exchange=celery(direct) key=celery
                

[tasks]
  . core.celery.debug_task
  . orders.tasks.send_active_email
  . orders.tasks.sub
  . periodtask.tasks.run_shell

