[2021-01-16 10:45:02,678: DEBUG/MainProcess] Setting default socket timeout to 30
[2021-01-16 10:45:02,679: INFO/MainProcess] beat: Starting...
[2021-01-16 10:45:02,679: DEBUG/MainProcess] DatabaseScheduler: initial read
[2021-01-16 10:45:02,679: DEBUG/MainProcess] Writing entries...
[2021-01-16 10:45:02,679: DEBUG/MainProcess] DatabaseScheduler: Fetching database schedule
[2021-01-16 10:45:02,682: DEBUG/MainProcess] Using selector: KqueueSelector
[2021-01-16 10:45:02,734: DEBUG/MainProcess] Current schedule:
<ModelEntry: celery.backend_cleanup celery.backend_cleanup(*[], **{}) <crontab: 0 4
         * *
          * (m/h/d/dM/MY), Asia/Shanghai>
        >
<ModelEntry: aaaa periodtask.tasks.run_shell(*[], **{'pyname': 'b', 'name': 'aaaa'}) <crontab: 4 16
         * *
          * (m/h/d/dM/MY), Asia/Shanghai>
        >
<ModelEntry: bbb periodtask.tasks.run_shell(*[], **{'pyname': 'a', 'name': 'bbb'}) <crontab: */1 *
         * *
          * (m/h/d/dM/MY), Asia/Shanghai>
        >
<ModelEntry: ccc periodtask.tasks.run_shell(*[], **{'pyname': 'a', 'name': 'ccc'}) <crontab: 29 15
         * *
          * (m/h/d/dM/MY), Asia/Shanghai>
        >
[2021-01-16 10:45:02,757: DEBUG/MainProcess] beat: Ticking with max interval->5.00 seconds
[2021-01-16 10:45:02,779: INFO/MainProcess] Scheduler: Sending due task bbb (periodtask.tasks.run_shell)
[2021-01-16 10:45:02,849: DEBUG/MainProcess] beat: Synchronizing schedule...
[2021-01-16 10:45:02,849: DEBUG/MainProcess] Writing entries...
[2021-01-16 10:45:02,862: DEBUG/MainProcess] periodtask.tasks.run_shell sent. id->6502205e-00c5-4e08-8fe9-c7d84d0eb009
[2021-01-16 10:45:02,866: DEBUG/MainProcess] beat: Waking up in 5.00 seconds.
[2021-01-16 10:45:07,872: DEBUG/MainProcess] beat: Waking up in 5.00 seconds.
[2021-01-16 10:45:12,880: DEBUG/MainProcess] beat: Waking up in 5.00 seconds.
[2021-01-16 10:45:17,888: DEBUG/MainProcess] beat: Waking up in 5.00 seconds.
[2021-01-16 10:45:22,898: DEBUG/MainProcess] beat: Waking up in 5.00 seconds.
[2021-01-16 10:45:27,905: DEBUG/MainProcess] beat: Waking up in 5.00 seconds.
[2021-01-16 10:45:32,912: DEBUG/MainProcess] beat: Waking up in 5.00 seconds.
[2021-01-16 10:45:37,920: DEBUG/MainProcess] beat: Waking up in 5.00 seconds.
[2021-01-16 10:45:42,927: DEBUG/MainProcess] beat: Waking up in 5.00 seconds.
[2021-01-16 10:45:47,935: DEBUG/MainProcess] beat: Waking up in 5.00 seconds.
[2021-01-16 10:45:52,943: DEBUG/MainProcess] beat: Waking up in 5.00 seconds.
[2021-01-16 10:45:57,951: DEBUG/MainProcess] beat: Waking up in 2.04 seconds.
[2021-01-16 10:46:00,003: INFO/MainProcess] Scheduler: Sending due task bbb (periodtask.tasks.run_shell)
[2021-01-16 10:46:00,007: DEBUG/MainProcess] periodtask.tasks.run_shell sent. id->46c7b837-dae3-481e-99ff-db02c807f7b3
[2021-01-16 10:46:00,012: DEBUG/MainProcess] beat: Waking up in 5.00 seconds.
[2021-01-16 10:46:05,015: DEBUG/MainProcess] beat: Waking up in 5.00 seconds.
[2021-01-16 10:46:10,023: DEBUG/MainProcess] beat: Waking up in 5.00 seconds.
[2021-01-16 10:46:15,031: DEBUG/MainProcess] beat: Waking up in 5.00 seconds.
[2021-01-16 10:46:20,038: DEBUG/MainProcess] beat: Waking up in 5.00 seconds.
[2021-01-16 10:46:25,044: DEBUG/MainProcess] beat: Waking up in 5.00 seconds.
[2021-01-16 10:46:30,053: DEBUG/MainProcess] beat: Waking up in 5.00 seconds.
[2021-01-16 10:46:35,061: DEBUG/MainProcess] beat: Waking up in 5.00 seconds.
[2021-01-16 10:46:40,070: DEBUG/MainProcess] beat: Waking up in 5.00 seconds.
[2021-01-16 10:46:45,077: DEBUG/MainProcess] beat: Waking up in 5.00 seconds.
[2021-01-16 10:46:49,511: DEBUG/MainProcess] Writing entries...
[2021-01-16 10:46:49,518: DEBUG/MainProcess] Writing entries...
[2021-01-16 10:46:49,518: DEBUG/MainProcess] Writing entries...
[2021-01-16 10:46:49,519: DEBUG/MainProcess] Writing entries...
celery beat v4.4.6 (cliffs) is starting.
__    -    ... __   -        _
LocalTime -> 2021-01-16 10:45:02
Configuration ->
    . broker -> redis://127.0.0.1:6379/5
    . loader -> celery.loaders.app.AppLoader
    . scheduler -> django_celery_beat.schedulers.DatabaseScheduler

    . logfile -> [stderr]@%DEBUG
    . maxinterval -> 5.00 seconds (5s)
[2021-01-16 10:46:55,852: DEBUG/MainProcess] Setting default socket timeout to 30
[2021-01-16 10:46:55,853: INFO/MainProcess] beat: Starting...
[2021-01-16 10:46:55,853: DEBUG/MainProcess] DatabaseScheduler: initial read
[2021-01-16 10:46:55,853: DEBUG/MainProcess] Writing entries...
[2021-01-16 10:46:55,854: DEBUG/MainProcess] DatabaseScheduler: Fetching database schedule
[2021-01-16 10:46:55,859: DEBUG/MainProcess] Using selector: KqueueSelector
[2021-01-16 10:46:55,875: DEBUG/MainProcess] Current schedule:
<ModelEntry: celery.backend_cleanup celery.backend_cleanup(*[], **{}) <crontab: 0 4
         * *
          * (m/h/d/dM/MY), Asia/Shanghai>
        >
<ModelEntry: aaaa periodtask.tasks.run_shell(*[], **{'pyname': 'b', 'name': 'aaaa'}) <crontab: 4 16
         * *
          * (m/h/d/dM/MY), Asia/Shanghai>
        >
<ModelEntry: bbb periodtask.tasks.run_shell(*[], **{'pyname': 'a', 'name': 'bbb'}) <crontab: */1 *
         * *
          * (m/h/d/dM/MY), Asia/Shanghai>
        >
<ModelEntry: ccc periodtask.tasks.run_shell(*[], **{'pyname': 'a', 'name': 'ccc'}) <crontab: 29 15
         * *
          * (m/h/d/dM/MY), Asia/Shanghai>
        >
[2021-01-16 10:46:55,903: DEBUG/MainProcess] beat: Ticking with max interval->5.00 seconds
[2021-01-16 10:46:55,913: DEBUG/MainProcess] beat: Waking up in 4.08 seconds.
[2021-01-16 10:46:59,992: DEBUG/MainProcess] beat: Synchronizing schedule...
[2021-01-16 10:46:59,992: DEBUG/MainProcess] Writing entries...
[2021-01-16 10:47:00,014: INFO/MainProcess] Scheduler: Sending due task bbb (periodtask.tasks.run_shell)
[2021-01-16 10:47:00,040: DEBUG/MainProcess] periodtask.tasks.run_shell sent. id->b0f30095-e6ac-402c-852d-278a955ebb29
[2021-01-16 10:47:00,046: DEBUG/MainProcess] beat: Waking up in 5.00 seconds.
[2021-01-16 10:47:05,051: DEBUG/MainProcess] beat: Waking up in 5.00 seconds.
[2021-01-16 10:47:10,058: DEBUG/MainProcess] beat: Waking up in 5.00 seconds.
[2021-01-16 10:47:15,068: DEBUG/MainProcess] beat: Waking up in 5.00 seconds.
[2021-01-16 10:47:20,073: DEBUG/MainProcess] beat: Waking up in 5.00 seconds.
[2021-01-16 10:47:25,081: DEBUG/MainProcess] beat: Waking up in 5.00 seconds.
[2021-01-16 10:47:30,090: DEBUG/MainProcess] beat: Waking up in 5.00 seconds.
[2021-01-16 10:47:35,096: DEBUG/MainProcess] beat: Waking up in 5.00 seconds.
[2021-01-16 10:47:40,104: DEBUG/MainProcess] beat: Waking up in 5.00 seconds.
[2021-01-16 10:47:45,111: DEBUG/MainProcess] beat: Waking up in 5.00 seconds.
[2021-01-16 10:47:50,118: DEBUG/MainProcess] beat: Waking up in 5.00 seconds.
[2021-01-16 10:47:55,127: DEBUG/MainProcess] beat: Waking up in 4.86 seconds.
[2021-01-16 10:48:00,001: INFO/MainProcess] Scheduler: Sending due task bbb (periodtask.tasks.run_shell)
[2021-01-16 10:48:00,005: DEBUG/MainProcess] periodtask.tasks.run_shell sent. id->6e33c596-4b93-44bc-8710-cb8d3476e621
[2021-01-16 10:48:00,009: DEBUG/MainProcess] beat: Waking up in 5.00 seconds.
[2021-01-16 10:48:05,016: DEBUG/MainProcess] beat: Waking up in 5.00 seconds.
[2021-01-16 10:48:10,022: DEBUG/MainProcess] beat: Waking up in 5.00 seconds.
[2021-01-16 10:48:15,030: DEBUG/MainProcess] beat: Waking up in 5.00 seconds.
[2021-01-16 10:48:20,041: DEBUG/MainProcess] beat: Waking up in 5.00 seconds.
[2021-01-16 10:48:25,048: DEBUG/MainProcess] beat: Waking up in 5.00 seconds.
[2021-01-16 10:48:30,056: DEBUG/MainProcess] beat: Waking up in 5.00 seconds.
[2021-01-16 10:48:35,064: DEBUG/MainProcess] beat: Waking up in 5.00 seconds.
[2021-01-16 10:48:40,072: DEBUG/MainProcess] beat: Waking up in 5.00 seconds.
[2021-01-16 10:48:45,081: DEBUG/MainProcess] beat: Waking up in 5.00 seconds.
[2021-01-16 10:48:50,087: DEBUG/MainProcess] beat: Waking up in 5.00 seconds.
[2021-01-16 10:48:55,096: DEBUG/MainProcess] beat: Waking up in 4.89 seconds.
[2021-01-16 10:49:00,003: INFO/MainProcess] Scheduler: Sending due task bbb (periodtask.tasks.run_shell)
[2021-01-16 10:49:00,006: DEBUG/MainProcess] periodtask.tasks.run_shell sent. id->5b9d5766-e416-47ab-97be-012284d92006
[2021-01-16 10:49:00,016: DEBUG/MainProcess] beat: Waking up in 5.00 seconds.
[2021-01-16 10:49:05,023: DEBUG/MainProcess] beat: Waking up in 5.00 seconds.
[2021-01-16 10:49:08,761: DEBUG/MainProcess] Writing entries...
[2021-01-16 10:49:08,770: DEBUG/MainProcess] Writing entries...
[2021-01-16 10:49:08,771: DEBUG/MainProcess] Writing entries...
[2021-01-16 10:49:08,772: DEBUG/MainProcess] Writing entries...
celery beat v4.4.6 (cliffs) is starting.
__    -    ... __   -        _
LocalTime -> 2021-01-16 10:46:55
Configuration ->
    . broker -> redis://127.0.0.1:6379/5
    . loader -> celery.loaders.app.AppLoader
    . scheduler -> django_celery_beat.schedulers.DatabaseScheduler

    . logfile -> [stderr]@%DEBUG
    . maxinterval -> 5.00 seconds (5s)
[2021-01-16 10:49:15,113: DEBUG/MainProcess] Setting default socket timeout to 30
[2021-01-16 10:49:15,114: INFO/MainProcess] beat: Starting...
[2021-01-16 10:49:15,115: DEBUG/MainProcess] DatabaseScheduler: initial read
[2021-01-16 10:49:15,116: DEBUG/MainProcess] Writing entries...
[2021-01-16 10:49:15,116: DEBUG/MainProcess] DatabaseScheduler: Fetching database schedule
[2021-01-16 10:49:15,121: DEBUG/MainProcess] Using selector: KqueueSelector
[2021-01-16 10:49:15,134: DEBUG/MainProcess] Current schedule:
<ModelEntry: celery.backend_cleanup celery.backend_cleanup(*[], **{}) <crontab: 0 4
         * *
          * (m/h/d/dM/MY), Asia/Shanghai>
        >
<ModelEntry: aaaa periodtask.tasks.run_shell(*[], **{'pyname': 'b', 'name': 'aaaa'}) <crontab: 4 16
         * *
          * (m/h/d/dM/MY), Asia/Shanghai>
        >
<ModelEntry: bbb periodtask.tasks.run_shell(*[], **{'pyname': 'a', 'name': 'bbb'}) <crontab: */1 *
         * *
          * (m/h/d/dM/MY), Asia/Shanghai>
        >
<ModelEntry: ccc periodtask.tasks.run_shell(*[], **{'pyname': 'a', 'name': 'ccc'}) <crontab: 29 15
         * *
          * (m/h/d/dM/MY), Asia/Shanghai>
        >
[2021-01-16 10:49:15,158: DEBUG/MainProcess] beat: Ticking with max interval->5.00 seconds
[2021-01-16 10:49:15,166: DEBUG/MainProcess] beat: Waking up in 5.00 seconds.
[2021-01-16 10:49:20,170: DEBUG/MainProcess] beat: Synchronizing schedule...
[2021-01-16 10:49:20,172: DEBUG/MainProcess] Writing entries...
[2021-01-16 10:49:20,182: DEBUG/MainProcess] beat: Waking up in 5.00 seconds.
[2021-01-16 10:49:25,193: DEBUG/MainProcess] beat: Waking up in 5.00 seconds.
[2021-01-16 10:49:30,200: DEBUG/MainProcess] beat: Waking up in 5.00 seconds.
[2021-01-16 10:49:35,209: DEBUG/MainProcess] beat: Waking up in 5.00 seconds.
[2021-01-16 10:49:40,217: DEBUG/MainProcess] beat: Waking up in 5.00 seconds.
[2021-01-16 10:49:45,225: DEBUG/MainProcess] beat: Waking up in 5.00 seconds.
[2021-01-16 10:49:50,232: DEBUG/MainProcess] beat: Waking up in 5.00 seconds.
[2021-01-16 10:49:55,240: DEBUG/MainProcess] beat: Waking up in 4.75 seconds.
[2021-01-16 10:50:00,019: INFO/MainProcess] Scheduler: Sending due task bbb (periodtask.tasks.run_shell)
[2021-01-16 10:50:00,128: DEBUG/MainProcess] periodtask.tasks.run_shell sent. id->dbcbbd2e-90ec-4a03-9b2d-ac883d9ec781
[2021-01-16 10:50:00,136: DEBUG/MainProcess] beat: Waking up in 5.00 seconds.
[2021-01-16 10:50:05,143: DEBUG/MainProcess] beat: Waking up in 5.00 seconds.
[2021-01-16 10:50:10,151: DEBUG/MainProcess] beat: Waking up in 5.00 seconds.
[2021-01-16 10:50:15,158: DEBUG/MainProcess] beat: Waking up in 5.00 seconds.
[2021-01-16 10:50:20,163: DEBUG/MainProcess] beat: Waking up in 5.00 seconds.
[2021-01-16 10:50:25,171: DEBUG/MainProcess] beat: Waking up in 5.00 seconds.
[2021-01-16 10:50:30,179: DEBUG/MainProcess] beat: Waking up in 5.00 seconds.
[2021-01-16 10:50:35,185: DEBUG/MainProcess] beat: Waking up in 5.00 seconds.
[2021-01-16 10:50:40,190: DEBUG/MainProcess] beat: Waking up in 5.00 seconds.
[2021-01-16 10:50:45,198: DEBUG/MainProcess] beat: Waking up in 5.00 seconds.
[2021-01-16 10:50:50,207: DEBUG/MainProcess] beat: Waking up in 5.00 seconds.
[2021-01-16 10:50:55,221: DEBUG/MainProcess] beat: Waking up in 4.77 seconds.
[2021-01-16 10:51:00,003: INFO/MainProcess] Scheduler: Sending due task bbb (periodtask.tasks.run_shell)
[2021-01-16 10:51:00,006: DEBUG/MainProcess] periodtask.tasks.run_shell sent. id->af5ecd1a-23a4-48ea-8513-63cd53257838
[2021-01-16 10:51:00,010: DEBUG/MainProcess] beat: Waking up in 5.00 seconds.
[2021-01-16 10:51:05,020: DEBUG/MainProcess] beat: Waking up in 5.00 seconds.
[2021-01-16 10:51:10,026: DEBUG/MainProcess] beat: Waking up in 5.00 seconds.
[2021-01-16 10:51:15,032: DEBUG/MainProcess] beat: Waking up in 5.00 seconds.
[2021-01-16 10:51:20,040: DEBUG/MainProcess] beat: Waking up in 5.00 seconds.
[2021-01-16 10:51:25,048: DEBUG/MainProcess] beat: Waking up in 5.00 seconds.
[2021-01-16 10:51:30,056: DEBUG/MainProcess] beat: Waking up in 5.00 seconds.
[2021-01-16 10:51:35,064: DEBUG/MainProcess] beat: Waking up in 5.00 seconds.
[2021-01-16 10:51:40,073: DEBUG/MainProcess] beat: Waking up in 5.00 seconds.
[2021-01-16 10:51:45,081: DEBUG/MainProcess] beat: Waking up in 5.00 seconds.
[2021-01-16 10:51:50,090: DEBUG/MainProcess] beat: Waking up in 5.00 seconds.
[2021-01-16 10:51:55,104: DEBUG/MainProcess] beat: Waking up in 4.89 seconds.
[2021-01-16 10:52:00,001: INFO/MainProcess] Scheduler: Sending due task bbb (periodtask.tasks.run_shell)
[2021-01-16 10:52:00,005: DEBUG/MainProcess] periodtask.tasks.run_shell sent. id->e89d3527-851a-4d1f-9db0-a463dd50d046
[2021-01-16 10:52:00,008: DEBUG/MainProcess] beat: Waking up in 5.00 seconds.
[2021-01-16 10:52:05,017: DEBUG/MainProcess] beat: Waking up in 5.00 seconds.
[2021-01-16 10:52:10,026: DEBUG/MainProcess] beat: Waking up in 5.00 seconds.
[2021-01-16 10:52:15,034: DEBUG/MainProcess] beat: Waking up in 5.00 seconds.
[2021-01-16 10:52:20,041: DEBUG/MainProcess] beat: Waking up in 5.00 seconds.
[2021-01-16 10:52:25,047: DEBUG/MainProcess] beat: Synchronizing schedule...
[2021-01-16 10:52:25,047: DEBUG/MainProcess] Writing entries...
[2021-01-16 10:52:25,060: DEBUG/MainProcess] beat: Waking up in 5.00 seconds.
[2021-01-16 10:52:30,068: DEBUG/MainProcess] beat: Waking up in 5.00 seconds.
[2021-01-16 10:52:35,076: DEBUG/MainProcess] beat: Waking up in 5.00 seconds.
[2021-01-16 10:52:40,083: DEBUG/MainProcess] beat: Waking up in 5.00 seconds.
[2021-01-16 10:52:45,090: DEBUG/MainProcess] beat: Waking up in 5.00 seconds.
[2021-01-16 10:52:50,096: DEBUG/MainProcess] beat: Waking up in 5.00 seconds.
[2021-01-16 10:52:55,105: DEBUG/MainProcess] beat: Waking up in 4.88 seconds.
[2021-01-16 10:53:00,001: INFO/MainProcess] Scheduler: Sending due task bbb (periodtask.tasks.run_shell)
[2021-01-16 10:53:00,006: DEBUG/MainProcess] periodtask.tasks.run_shell sent. id->e6972469-a43e-4f4e-805b-db78f0bb623f
[2021-01-16 10:53:00,011: DEBUG/MainProcess] beat: Waking up in 5.00 seconds.
[2021-01-16 10:53:05,016: DEBUG/MainProcess] beat: Waking up in 5.00 seconds.
[2021-01-16 10:53:10,025: DEBUG/MainProcess] beat: Waking up in 5.00 seconds.
[2021-01-16 10:53:15,031: DEBUG/MainProcess] beat: Waking up in 5.00 seconds.
[2021-01-16 10:53:20,038: DEBUG/MainProcess] beat: Waking up in 5.00 seconds.
[2021-01-16 10:53:25,046: DEBUG/MainProcess] beat: Waking up in 5.00 seconds.
[2021-01-16 10:53:30,054: DEBUG/MainProcess] beat: Waking up in 5.00 seconds.
[2021-01-16 10:53:35,060: DEBUG/MainProcess] beat: Waking up in 5.00 seconds.
[2021-01-16 10:53:40,068: DEBUG/MainProcess] beat: Waking up in 5.00 seconds.
[2021-01-16 10:53:45,074: DEBUG/MainProcess] beat: Waking up in 5.00 seconds.
[2021-01-16 10:53:50,084: DEBUG/MainProcess] beat: Waking up in 5.00 seconds.
[2021-01-16 10:53:55,092: DEBUG/MainProcess] beat: Waking up in 4.90 seconds.
[2021-01-16 10:54:00,001: INFO/MainProcess] Scheduler: Sending due task bbb (periodtask.tasks.run_shell)
[2021-01-16 10:54:00,003: DEBUG/MainProcess] periodtask.tasks.run_shell sent. id->fe5c258b-0cfc-4781-bc39-175827725b20
[2021-01-16 10:54:00,008: DEBUG/MainProcess] beat: Waking up in 5.00 seconds.
[2021-01-16 10:54:05,018: DEBUG/MainProcess] beat: Waking up in 5.00 seconds.
[2021-01-16 10:54:10,027: DEBUG/MainProcess] beat: Waking up in 5.00 seconds.
[2021-01-16 10:54:14,465: DEBUG/MainProcess] Writing entries...
[2021-01-16 10:54:14,474: DEBUG/MainProcess] Writing entries...
[2021-01-16 10:54:14,475: DEBUG/MainProcess] Writing entries...
[2021-01-16 10:54:14,475: DEBUG/MainProcess] Writing entries...
celery beat v4.4.6 (cliffs) is starting.
__    -    ... __   -        _
LocalTime -> 2021-01-16 10:49:15
Configuration ->
    . broker -> redis://127.0.0.1:6379/5
    . loader -> celery.loaders.app.AppLoader
    . scheduler -> django_celery_beat.schedulers.DatabaseScheduler

    . logfile -> [stderr]@%DEBUG
    . maxinterval -> 5.00 seconds (5s)
